<?xml version="1.0" encoding="UTF-8"?>
<testng-results ignored="0" total="1" passed="1" failed="0" skipped="0">
  <reporter-output>
  </reporter-output>
  <suite started-at="2026-02-12T20:52:13 IST" name="Default suite" finished-at="2026-02-12T20:52:53 IST" duration-ms="40336">
    <groups>
    </groups>
    <test started-at="2026-02-12T20:52:13 IST" name="Default test" finished-at="2026-02-12T20:52:53 IST" duration-ms="40336">
      <class name="testscripts.VerifyLoginTest">
        <test-method is-config="true" signature="openApplication()[pri:0, instance:testscripts.VerifyLoginTest@5562c41e]" started-at="2026-02-12T20:52:13 IST" name="openApplication" finished-at="2026-02-12T20:52:25 IST" duration-ms="12029" status="PASS">
          <reporter-output>
          </reporter-output>
        </test-method> <!-- openApplication -->
        <test-method signature="verifyLogin()[pri:0, instance:testscripts.VerifyLoginTest@5562c41e]" started-at="2026-02-12T20:52:25 IST" name="verifyLogin" finished-at="2026-02-12T20:52:46 IST" duration-ms="20899" status="PASS">
          <reporter-output>
          </reporter-output>
        </test-method> <!-- verifyLogin -->
        <test-method is-config="true" signature="closeApplication()[pri:0, instance:testscripts.VerifyLoginTest@5562c41e]" started-at="2026-02-12T20:52:46 IST" name="closeApplication" finished-at="2026-02-12T20:52:53 IST" duration-ms="7124" status="PASS">
          <reporter-output>
          </reporter-output>
        </test-method> <!-- closeApplication -->
      </class> <!-- testscripts.VerifyLoginTest -->
    </test> <!-- Default test -->
  </suite> <!-- Default suite -->
</testng-results>
